# JRE version: Java(TM) SE Runtime Environment (17.0.12+8) (build 17.0.12+8-LTS-286)
# Java VM: Java HotSpot(TM) 64-Bit Server VM (17.0.12+8-LTS-286, mixed mode, emulated-client, sharing, tiered, compressed oops, compressed class ptrs, g1 gc, windows-amd64)
GC Precious Log:
 CPUs: 8 total, 8 available
 Memory: 7103M
 Large Page Support: Disabled
 NUMA Support: Disabled
 Compressed Oops: Enabled (32-bit)
 Heap Region Size: 1M
 Heap Min Capacity: 8M
 Heap Initial Capacity: 112M
 Heap Max Capacity: 1776M
 Pre-touch: Disabled
 Parallel Workers: 8
 Concurrent Workers: 2
 Concurrent Refinement Workers: 8
 Periodic GC: Disabled
Heap:
 garbage-first heap   total 63488K, used 30534K [0x0000000091000000, 0x0000000100000000)
  region size 1024K, 3 young (3072K), 3 survivors (3072K)
 Metaspace       used 66355K, committed 66944K, reserved 1114112K
  class space    used 9779K, committed 10112K, reserved 1048576K
GC Heap History (20 events):
Event: 539.026 GC heap after
{Heap after GC invocations=24 (full 0):
 garbage-first heap   total 63488K, used 27247K [0x0000000091000000, 0x0000000100000000)
  region size 1024K, 1 young (1024K), 1 survivors (1024K)
 Metaspace       used 65188K, committed 65600K, reserved 1114112K
  class space    used 9611K, committed 9792K, reserved 1048576K
}
Event: 1710.530 GC heap before
{Heap before GC invocations=24 (full 0):
 garbage-first heap   total 63488K, used 50799K [0x0000000091000000, 0x0000000100000000)
  region size 1024K, 24 young (24576K), 1 survivors (1024K)
 Metaspace       used 65209K, committed 65600K, reserved 1114112K
  class space    used 9618K, committed 9792K, reserved 1048576K
}
Event: 1710.532 GC heap after
{Heap after GC invocations=25 (full 0):
 garbage-first heap   total 63488K, used 27364K [0x0000000091000000, 0x0000000100000000)
  region size 1024K, 1 young (1024K), 1 survivors (1024K)
 Metaspace       used 65209K, committed 65600K, reserved 1114112K
  class space    used 9618K, committed 9792K, reserved 1048576K
}
Event: 2586.435 GC heap before
{Heap before GC invocations=26 (full 0):
 garbage-first heap   total 63488K, used 50916K [0x0000000091000000, 0x0000000100000000)
  region size 1024K, 24 young (24576K), 1 survivors (1024K)
 Metaspace       used 65555K, committed 65984K, reserved 1114112K
  class space    used 9683K, committed 9856K, reserved 1048576K
}
Event: 2586.438 GC heap after
{Heap after GC invocations=27 (full 0):
 garbage-first heap   total 63488K, used 28154K [0x0000000091000000, 0x0000000100000000)
  region size 1024K, 2 young (2048K), 2 survivors (2048K)
 Metaspace       used 65555K, committed 65984K, reserved 1114112K
  class space    used 9683K, committed 9856K, reserved 1048576K
}
Event: 2586.466 GC heap before
{Heap before GC invocations=27 (full 0):
 garbage-first heap   total 63488K, used 28154K [0x0000000091000000, 0x0000000100000000)
  region size 1024K, 3 young (3072K), 2 survivors (2048K)
 Metaspace       used 65637K, committed 66112K, reserved 1114112K
  class space    used 9702K, committed 9920K, reserved 1048576K
}
Event: 2586.500 GC heap after
{Heap after GC invocations=28 (full 1):
 garbage-first heap   total 63488K, used 21321K [0x0000000091000000, 0x0000000100000000)
  region size 1024K, 0 young (0K), 0 survivors (0K)
 Metaspace       used 65623K, committed 66112K, reserved 1114112K
  class space    used 9698K, committed 9920K, reserved 1048576K
}
Event: 2586.961 GC heap before
{Heap before GC invocations=28 (full 1):
 garbage-first heap   total 63488K, used 49993K [0x0000000091000000, 0x0000000100000000)
  region size 1024K, 28 young (28672K), 0 survivors (0K)
 Metaspace       used 65704K, committed 66240K, reserved 1114112K
  class space    used 9711K, committed 9984K, reserved 1048576K
}
Event: 2586.967 GC heap after
{Heap after GC invocations=29 (full 1):
 garbage-first heap   total 63488K, used 24176K [0x0000000091000000, 0x0000000100000000)
  region size 1024K, 3 young (3072K), 3 survivors (3072K)
 Metaspace       used 65704K, committed 66240K, reserved 1114112K
  class space    used 9711K, committed 9984K, reserved 1048576K
}
Event: 2587.595 GC heap before
{Heap before GC invocations=30 (full 1):
 garbage-first heap   total 63488K, used 47728K [0x0000000091000000, 0x0000000100000000)
  region size 1024K, 27 young (27648K), 3 survivors (3072K)
 Metaspace       used 65938K, committed 66560K, reserved 1114112K
  class space    used 9736K, committed 10048K, reserved 1048576K
}
Event: 2587.601 GC heap after
{Heap after GC invocations=31 (full 1):
 garbage-first heap   total 63488K, used 27593K [0x0000000091000000, 0x0000000100000000)
  region size 1024K, 4 young (4096K), 4 survivors (4096K)
 Metaspace       used 65938K, committed 66560K, reserved 1114112K
  class space    used 9736K, committed 10048K, reserved 1048576K
}
Event: 2859.087 GC heap before
{Heap before GC invocations=31 (full 1):
 garbage-first heap   total 63488K, used 48073K [0x0000000091000000, 0x0000000100000000)
  region size 1024K, 24 young (24576K), 4 survivors (4096K)
 Metaspace       used 66063K, committed 66624K, reserved 1114112K
  class space    used 9757K, committed 10048K, reserved 1048576K
}
Event: 2859.093 GC heap after
{Heap after GC invocations=32 (full 1):
 garbage-first heap   total 63488K, used 30230K [0x0000000091000000, 0x0000000100000000)
  region size 1024K, 3 young (3072K), 3 survivors (3072K)
 Metaspace       used 66063K, committed 66624K, reserved 1114112K
  class space    used 9757K, committed 10048K, reserved 1048576K
}
Event: 2958.137 GC heap before
{Heap before GC invocations=33 (full 1):
 garbage-first heap   total 63488K, used 34326K [0x0000000091000000, 0x0000000100000000)
  region size 1024K, 8 young (8192K), 3 survivors (3072K)
 Metaspace       used 66037K, committed 66688K, reserved 1114112K
  class space    used 9749K, committed 10048K, reserved 1048576K
}
Event: 2958.175 GC heap after
{Heap after GC invocations=34 (full 2):
 garbage-first heap   total 63488K, used 22067K [0x0000000091000000, 0x0000000100000000)
  region size 1024K, 0 young (0K), 0 survivors (0K)
 Metaspace       used 66020K, committed 66688K, reserved 1114112K
  class space    used 9745K, committed 10048K, reserved 1048576K
}
Event: 2958.603 GC heap before
{Heap before GC invocations=34 (full 2):
 garbage-first heap   total 63488K, used 45619K [0x0000000091000000, 0x0000000100000000)
  region size 1024K, 24 young (24576K), 0 survivors (0K)
 Metaspace       used 66070K, committed 66688K, reserved 1114112K
  class space    used 9753K, committed 10048K, reserved 1048576K
}
Event: 2958.607 GC heap after
{Heap after GC invocations=35 (full 2):
 garbage-first heap   total 63488K, used 24636K [0x0000000091000000, 0x0000000100000000)
  region size 1024K, 3 young (3072K), 3 survivors (3072K)
 Metaspace       used 66070K, committed 66688K, reserved 1114112K
  class space    used 9753K, committed 10048K, reserved 1048576K
}
Event: 2959.114 GC heap before
{Heap before GC invocations=36 (full 2):
 garbage-first heap   total 63488K, used 46140K [0x0000000091000000, 0x0000000100000000)
  region size 1024K, 25 young (25600K), 3 survivors (3072K)
 Metaspace       used 66135K, committed 66752K, reserved 1114112K
  class space    used 9758K, committed 10048K, reserved 1048576K
}
Event: 2959.120 GC heap after
{Heap after GC invocations=37 (full 2):
 garbage-first heap   total 63488K, used 27418K [0x0000000091000000, 0x0000000100000000)
  region size 1024K, 3 young (3072K), 3 survivors (3072K)
 Metaspace       used 66135K, committed 66752K, reserved 1114112K
  class space    used 9758K, committed 10048K, reserved 1048576K
}
Event: 2961.007 GC heap before
{Heap before GC invocations=37 (full 2):
 garbage-first heap   total 63488K, used 45850K [0x0000000091000000, 0x0000000100000000)
  region size 1024K, 22 young (22528K), 3 survivors (3072K)
 Metaspace       used 66355K, committed 66944K, reserved 1114112K
  class space    used 9779K, committed 10112K, reserved 1048576K
}

