# JRE version: Java(TM) SE Runtime Environment (17.0.12+8) (build 17.0.12+8-LTS-286)
# Java VM: Java HotSpot(TM) 64-Bit Server VM (17.0.12+8-LTS-286, mixed mode, sharing, tiered, compressed oops, compressed class ptrs, g1 gc, windows-amd64)
GC Precious Log:
 CPUs: 8 total, 8 available
 Memory: 7103M
 Large Page Support: Disabled
 NUMA Support: Disabled
 Compressed Oops: Enabled (32-bit)
 Heap Region Size: 1M
 Heap Min Capacity: 8M
 Heap Initial Capacity: 112M
 Heap Max Capacity: 1776M
 Pre-touch: Disabled
 Parallel Workers: 8
 Concurrent Workers: 2
 Concurrent Refinement Workers: 8
 Periodic GC: Disabled
Heap:
 garbage-first heap   total 114688K, used 49688K [0x0000000091000000, 0x0000000100000000)
  region size 1024K, 36 young (36864K), 3 survivors (3072K)
 Metaspace       used 19321K, committed 19584K, reserved 1114112K
  class space    used 2219K, committed 2368K, reserved 1048576K
GC Heap History (8 events):
Event: 0.960 GC heap before
{Heap before GC invocations=0 (full 0):
 garbage-first heap   total 114688K, used 22528K [0x0000000091000000, 0x0000000100000000)
  region size 1024K, 23 young (23552K), 0 survivors (0K)
 Metaspace       used 5459K, committed 5696K, reserved 1114112K
  class space    used 663K, committed 768K, reserved 1048576K
}
Event: 0.976 GC heap after
{Heap after GC invocations=1 (full 0):
 garbage-first heap   total 114688K, used 3668K [0x0000000091000000, 0x0000000100000000)
  region size 1024K, 3 young (3072K), 3 survivors (3072K)
 Metaspace       used 5459K, committed 5696K, reserved 1114112K
  class space    used 663K, committed 768K, reserved 1048576K
}
Event: 1.801 GC heap before
{Heap before GC invocations=1 (full 0):
 garbage-first heap   total 114688K, used 33364K [0x0000000091000000, 0x0000000100000000)
  region size 1024K, 32 young (32768K), 3 survivors (3072K)
 Metaspace       used 9626K, committed 9856K, reserved 1114112K
  class space    used 1173K, committed 1280K, reserved 1048576K
}
Event: 1.819 GC heap after
{Heap after GC invocations=2 (full 0):
 garbage-first heap   total 114688K, used 5477K [0x0000000091000000, 0x0000000100000000)
  region size 1024K, 2 young (2048K), 2 survivors (2048K)
 Metaspace       used 9626K, committed 9856K, reserved 1114112K
  class space    used 1173K, committed 1280K, reserved 1048576K
}
Event: 4.040 GC heap before
{Heap before GC invocations=2 (full 0):
 garbage-first heap   total 114688K, used 72037K [0x0000000091000000, 0x0000000100000000)
  region size 1024K, 67 young (68608K), 2 survivors (2048K)
 Metaspace       used 15601K, committed 15744K, reserved 1114112K
  class space    used 1863K, committed 1920K, reserved 1048576K
}
Event: 4.060 GC heap after
{Heap after GC invocations=3 (full 0):
 garbage-first heap   total 114688K, used 12769K [0x0000000091000000, 0x0000000100000000)
  region size 1024K, 9 young (9216K), 9 survivors (9216K)
 Metaspace       used 15601K, committed 15744K, reserved 1114112K
  class space    used 1863K, committed 1920K, reserved 1048576K
}
Event: 5.474 GC heap before
{Heap before GC invocations=3 (full 0):
 garbage-first heap   total 114688K, used 97761K [0x0000000091000000, 0x0000000100000000)
  region size 1024K, 61 young (62464K), 9 survivors (9216K)
 Metaspace       used 17799K, committed 18112K, reserved 1114112K
  class space    used 2073K, committed 2240K, reserved 1048576K
}
Event: 5.491 GC heap after
{Heap after GC invocations=4 (full 0):
 garbage-first heap   total 114688K, used 14872K [0x0000000091000000, 0x0000000100000000)
  region size 1024K, 3 young (3072K), 3 survivors (3072K)
 Metaspace       used 17799K, committed 18112K, reserved 1114112K
  class space    used 2073K, committed 2240K, reserved 1048576K
}

